22:48:57 **** Incremental Build of configuration Debug for project Room_Monitoring_System ****
make all 
Building file: ../main.c
Invoking: AVR Compiler
avr-gcc -Wall -g2 -gstabs -O0 -fpack-struct -fshort-enums -ffunction-sections -fdata-sections -std=gnu99 -funsigned-char -funsigned-bitfields -mmcu=atmega32 -DF_CPU=8000000UL -MMD -MP -MF"main.d" -MT"main.o" -c -o "main.o" "../main.c"
In file included from ../main.c:13:
c:/winavr-20100110/lib/gcc/../../avr/include/util/delay.h:90:3: warning: #warning "Compiler optimizations disabled; functions from <util/delay.h> won't work as designed"
Finished building: ../main.c
 
Building target: Room_Monitoring_System.elf
Invoking: AVR C Linker
avr-gcc -Wl,-Map,Room_Monitoring_System.map -mmcu=atmega32 -o "Room_Monitoring_System.elf"  ./main.o   
Finished building target: Room_Monitoring_System.elf
 
Invoking: AVR Create Extended Listing
avr-objdump -h -S Room_Monitoring_System.elf  >"Room_Monitoring_System.lss"
Finished building: Room_Monitoring_System.lss
 
Create Flash image (ihex format)
avr-objcopy -R .eeprom -R .fuse -R .lock -R .signature -O ihex Room_Monitoring_System.elf  "Room_Monitoring_System.hex"
Finished building: Room_Monitoring_System.hex
 
Invoking: Print Size
avr-size --format=avr --mcu=atmega32 Room_Monitoring_System.elf
AVR Memory Usage
----------------
Device: atmega32

Program:    4164 bytes (12.7% Full)
(.text + .data + .bootloader)

Data:         10 bytes (0.5% Full)
(.data + .bss + .noinit)


Finished building: sizedummy
 

22:48:58 Build Finished. 0 errors, 1 warnings. (took 909ms)

